Determining if the pthread_create exist failed with the following output:
Change Dir: /home/ori/catkin_ws/src/person_tracking_project/multi_sensor_tracker/build/CMakeFiles/CMakeTmp

Run Build Command:"/usr/bin/make" "cmTC_e6351/fast"
/usr/bin/make -f CMakeFiles/cmTC_e6351.dir/build.make CMakeFiles/cmTC_e6351.dir/build
make[1]: Entering directory '/home/ori/catkin_ws/src/person_tracking_project/multi_sensor_tracker/build/CMakeFiles/CMakeTmp'
Building C object CMakeFiles/cmTC_e6351.dir/CheckSymbolExists.c.o
/usr/bin/gcc     -o CMakeFiles/cmTC_e6351.dir/CheckSymbolExists.c.o   -c /home/ori/catkin_ws/src/person_tracking_project/multi_sensor_tracker/build/CMakeFiles/CMakeTmp/CheckSymbolExists.c
Linking C executable cmTC_e6351
/usr/bin/cmake -E cmake_link_script CMakeFiles/cmTC_e6351.dir/link.txt --verbose=1
/usr/bin/gcc       CMakeFiles/cmTC_e6351.dir/CheckSymbolExists.c.o  -o cmTC_e6351 -rdynamic 
CMakeFiles/cmTC_e6351.dir/CheckSymbolExists.c.o: In function `main':
CheckSymbolExists.c:(.text+0x16): undefined reference to `pthread_create'
collect2: error: ld returned 1 exit status
CMakeFiles/cmTC_e6351.dir/build.make:97: recipe for target 'cmTC_e6351' failed
make[1]: *** [cmTC_e6351] Error 1
make[1]: Leaving directory '/home/ori/catkin_ws/src/person_tracking_project/multi_sensor_tracker/build/CMakeFiles/CMakeTmp'
Makefile:126: recipe for target 'cmTC_e6351/fast' failed
make: *** [cmTC_e6351/fast] Error 2

File /home/ori/catkin_ws/src/person_tracking_project/multi_sensor_tracker/build/CMakeFiles/CMakeTmp/CheckSymbolExists.c:
/* */
#include <pthread.h>

int main(int argc, char** argv)
{
  (void)argv;
#ifndef pthread_create
  return ((int*)(&pthread_create))[argc];
#else
  (void)argc;
  return 0;
#endif
}

Determining if the function pthread_create exists in the pthreads failed with the following output:
Change Dir: /home/ori/catkin_ws/src/person_tracking_project/multi_sensor_tracker/build/CMakeFiles/CMakeTmp

Run Build Command:"/usr/bin/make" "cmTC_62387/fast"
/usr/bin/make -f CMakeFiles/cmTC_62387.dir/build.make CMakeFiles/cmTC_62387.dir/build
make[1]: Entering directory '/home/ori/catkin_ws/src/person_tracking_project/multi_sensor_tracker/build/CMakeFiles/CMakeTmp'
Building C object CMakeFiles/cmTC_62387.dir/CheckFunctionExists.c.o
/usr/bin/gcc    -DCHECK_FUNCTION_EXISTS=pthread_create   -o CMakeFiles/cmTC_62387.dir/CheckFunctionExists.c.o   -c /usr/share/cmake-3.5/Modules/CheckFunctionExists.c
Linking C executable cmTC_62387
/usr/bin/cmake -E cmake_link_script CMakeFiles/cmTC_62387.dir/link.txt --verbose=1
/usr/bin/gcc   -DCHECK_FUNCTION_EXISTS=pthread_create    CMakeFiles/cmTC_62387.dir/CheckFunctionExists.c.o  -o cmTC_62387 -rdynamic -lpthreads 
/usr/bin/ld: cannot find -lpthreads
collect2: error: ld returned 1 exit status
CMakeFiles/cmTC_62387.dir/build.make:97: recipe for target 'cmTC_62387' failed
make[1]: *** [cmTC_62387] Error 1
make[1]: Leaving directory '/home/ori/catkin_ws/src/person_tracking_project/multi_sensor_tracker/build/CMakeFiles/CMakeTmp'
Makefile:126: recipe for target 'cmTC_62387/fast' failed
make: *** [cmTC_62387/fast] Error 2


